<?xml version="1.0" encoding="UTF-8"?>
<testsuite name="io.github.kingsword09.kwebshell.rfc.KWebRfcGovernanceCheckerTest" tests="20" skipped="0" failures="0" errors="0" timestamp="2026-09-23T19:18:23.870Z" hostname="sjc22-bm211-725a4089-fbaf-4cef-8de7-c388130be9ba-4637EDC0259F.local" time="0.064">
  <properties/>
  <testcase name="reportContainsNoPrivatePaths()" classname="io.github.kingsword09.kwebshell.rfc.KWebRfcGovernanceCheckerTest" time="0.021"/>
  <testcase name="evidenceForUnknownRfcIsRejected()" classname="io.github.kingsword09.kwebshell.rfc.KWebRfcGovernanceCheckerTest" time="0.003"/>
  <testcase name="duplicateMatrixBackingIsRejected()" classname="io.github.kingsword09.kwebshell.rfc.KWebRfcGovernanceCheckerTest" time="0.003"/>
  <testcase name="evidenceForProposedRfcIsRejected()" classname="io.github.kingsword09.kwebshell.rfc.KWebRfcGovernanceCheckerTest" time="0.002"/>
  <testcase name="blockedCompatibilityRecordIsRejected()" classname="io.github.kingsword09.kwebshell.rfc.KWebRfcGovernanceCheckerTest" time="0.001"/>
  <testcase name="partiallyCoveredTargetsAreBlocked()" classname="io.github.kingsword09.kwebshell.rfc.KWebRfcGovernanceCheckerTest" time="0.001"/>
  <testcase name="brokenManifestProducesFailureReport()" classname="io.github.kingsword09.kwebshell.rfc.KWebRfcGovernanceCheckerTest" time="0.001"/>
  <testcase name="prerequisiteRowsAreReportedWithTheirContract()" classname="io.github.kingsword09.kwebshell.rfc.KWebRfcGovernanceCheckerTest" time="0.0"/>
  <testcase name="recordClaimingUnknownRowFails()" classname="io.github.kingsword09.kwebshell.rfc.KWebRfcGovernanceCheckerTest" time="0.002"/>
  <testcase name="implementedRfcWithoutEvidenceIsBlocked()" classname="io.github.kingsword09.kwebshell.rfc.KWebRfcGovernanceCheckerTest" time="0.002"/>
  <testcase name="unknownServiceContractFails()" classname="io.github.kingsword09.kwebshell.rfc.KWebRfcGovernanceCheckerTest" time="0.001"/>
  <testcase name="recordClaimingUnsupportedRowFails()" classname="io.github.kingsword09.kwebshell.rfc.KWebRfcGovernanceCheckerTest" time="0.001"/>
  <testcase name="staleServiceVersionMakesEvidenceStale()" classname="io.github.kingsword09.kwebshell.rfc.KWebRfcGovernanceCheckerTest" time="0.001"/>
  <testcase name="unsupportedToSupportedPromotionWithoutEvidenceFails()" classname="io.github.kingsword09.kwebshell.rfc.KWebRfcGovernanceCheckerTest" time="0.001"/>
  <testcase name="staleRuntimeIdentityMakesEvidenceStale()" classname="io.github.kingsword09.kwebshell.rfc.KWebRfcGovernanceCheckerTest" time="0.002"/>
  <testcase name="changedBoundContractMakesEvidenceStale()" classname="io.github.kingsword09.kwebshell.rfc.KWebRfcGovernanceCheckerTest" time="0.003"/>
  <testcase name="implementedEvidenceBacksSupportedMatrixRow()" classname="io.github.kingsword09.kwebshell.rfc.KWebRfcGovernanceCheckerTest" time="0.001"/>
  <testcase name="missingOrChangedRetainedArtifactMakesEvidenceStale()" classname="io.github.kingsword09.kwebshell.rfc.KWebRfcGovernanceCheckerTest" time="0.004"/>
  <testcase name="platformSpecificRfcRequiresOnlyDeclaredTarget()" classname="io.github.kingsword09.kwebshell.rfc.KWebRfcGovernanceCheckerTest" time="0.002"/>
  <testcase name="implementedRfcWithAllHostedEvidenceIsReady()" classname="io.github.kingsword09.kwebshell.rfc.KWebRfcGovernanceCheckerTest" time="0.002"/>
  <system-out><![CDATA[]]></system-out>
  <system-err><![CDATA[]]></system-err>
</testsuite>
