<?xml version="1.0" encoding="UTF-8"?>
<testsuite name="io.github.kingsword09.kwebshell.rfc.KWebRfcGovernanceCheckerTest" tests="20" skipped="0" failures="0" errors="0" timestamp="2026-09-24T00:41:29.017Z" hostname="iad20-gt1021-96269b87-b2db-46d3-87c7-5e36a67d8d9f-3EFD3F677AA7.local" time="0.112">
  <properties/>
  <testcase name="reportContainsNoPrivatePaths()" classname="io.github.kingsword09.kwebshell.rfc.KWebRfcGovernanceCheckerTest" time="0.03"/>
  <testcase name="evidenceForUnknownRfcIsRejected()" classname="io.github.kingsword09.kwebshell.rfc.KWebRfcGovernanceCheckerTest" time="0.006"/>
  <testcase name="duplicateMatrixBackingIsRejected()" classname="io.github.kingsword09.kwebshell.rfc.KWebRfcGovernanceCheckerTest" time="0.004"/>
  <testcase name="evidenceForProposedRfcIsRejected()" classname="io.github.kingsword09.kwebshell.rfc.KWebRfcGovernanceCheckerTest" time="0.002"/>
  <testcase name="blockedCompatibilityRecordIsRejected()" classname="io.github.kingsword09.kwebshell.rfc.KWebRfcGovernanceCheckerTest" time="0.002"/>
  <testcase name="partiallyCoveredTargetsAreBlocked()" classname="io.github.kingsword09.kwebshell.rfc.KWebRfcGovernanceCheckerTest" time="0.003"/>
  <testcase name="brokenManifestProducesFailureReport()" classname="io.github.kingsword09.kwebshell.rfc.KWebRfcGovernanceCheckerTest" time="0.001"/>
  <testcase name="prerequisiteRowsAreReportedWithTheirContract()" classname="io.github.kingsword09.kwebshell.rfc.KWebRfcGovernanceCheckerTest" time="0.001"/>
  <testcase name="recordClaimingUnknownRowFails()" classname="io.github.kingsword09.kwebshell.rfc.KWebRfcGovernanceCheckerTest" time="0.002"/>
  <testcase name="implementedRfcWithoutEvidenceIsBlocked()" classname="io.github.kingsword09.kwebshell.rfc.KWebRfcGovernanceCheckerTest" time="0.001"/>
  <testcase name="unknownServiceContractFails()" classname="io.github.kingsword09.kwebshell.rfc.KWebRfcGovernanceCheckerTest" time="0.004"/>
  <testcase name="recordClaimingUnsupportedRowFails()" classname="io.github.kingsword09.kwebshell.rfc.KWebRfcGovernanceCheckerTest" time="0.002"/>
  <testcase name="staleServiceVersionMakesEvidenceStale()" classname="io.github.kingsword09.kwebshell.rfc.KWebRfcGovernanceCheckerTest" time="0.002"/>
  <testcase name="unsupportedToSupportedPromotionWithoutEvidenceFails()" classname="io.github.kingsword09.kwebshell.rfc.KWebRfcGovernanceCheckerTest" time="0.002"/>
  <testcase name="staleRuntimeIdentityMakesEvidenceStale()" classname="io.github.kingsword09.kwebshell.rfc.KWebRfcGovernanceCheckerTest" time="0.002"/>
  <testcase name="changedBoundContractMakesEvidenceStale()" classname="io.github.kingsword09.kwebshell.rfc.KWebRfcGovernanceCheckerTest" time="0.005"/>
  <testcase name="implementedEvidenceBacksSupportedMatrixRow()" classname="io.github.kingsword09.kwebshell.rfc.KWebRfcGovernanceCheckerTest" time="0.004"/>
  <testcase name="missingOrChangedRetainedArtifactMakesEvidenceStale()" classname="io.github.kingsword09.kwebshell.rfc.KWebRfcGovernanceCheckerTest" time="0.01"/>
  <testcase name="platformSpecificRfcRequiresOnlyDeclaredTarget()" classname="io.github.kingsword09.kwebshell.rfc.KWebRfcGovernanceCheckerTest" time="0.002"/>
  <testcase name="implementedRfcWithAllHostedEvidenceIsReady()" classname="io.github.kingsword09.kwebshell.rfc.KWebRfcGovernanceCheckerTest" time="0.001"/>
  <system-out><![CDATA[]]></system-out>
  <system-err><![CDATA[]]></system-err>
</testsuite>
